#
# A fatal error has been detected by the Java Runtime Environment:
#
#  EXCEPTION_ACCESS_VIOLATION (0xc0000005) at pc=0x0000000055ab8d85, pid=8012, tid=2068
#
# JRE version: Java(TM) SE Runtime Environment (8.0_74-b02) (build 1.8.0_74-b02)
# Java VM: Java HotSpot(TM) 64-Bit Server VM (25.74-b02 mixed mode windows-amd64 compressed oops)
# Problematic frame:
# V  [jvm.dll+0x128d85]
#
# Failed to write core dump. Minidumps are not enabled by default on client versions of Windows
#
# If you would like to submit a bug report, please visit:
#   http://bugreport.java.com/bugreport/crash.jsp
#

---------------  T H R E A D  ---------------

Current thread (0x0000000018d64000):  JavaThread "JDWP Transport Listener: dt_socket" daemon [_thread_in_vm, id=2068, stack(0x00000000196f0000,0x00000000197f0000)]

siginfo: ExceptionCode=0xc0000005, reading address 0xffffffffffffffff

Registers:
RAX=0x00000000197ef101, RBX=0x0000000018d64000, RCX=0x003b79003b003b6e, RDX=0x0000000000000000
RSP=0x00000000197ef0d0, RBP=0x003b79003b003b6e, RSI=0x00000000197ef1e8, RDI=0x00000000001ba600
R8 =0x0000000018d64000, R9 =0x000000000000ff00, R10=0x0000000000000000, R11=0x00000088ffff0000
R12=0x0000000000000000, R13=0x0000000018d69c48, R14=0x0000000000000000, R15=0x0000000000000000
RIP=0x0000000055ab8d85, EFLAGS=0x0000000000010202

Top of Stack: (sp=0x00000000197ef0d0)
0x00000000197ef0d0:   0000000018d64000 000000001a17f0c0
0x00000000197ef0e0:   00000000197ef198 0000000055cbe33b
0x00000000197ef0f0:   0000000018d64000 0000000055cdab9d
0x00000000197ef100:   0000000000000000 00000000557c9155
0x00000000197ef110:   0000000018e2d2c8 00000000557d291e
0x00000000197ef120:   0000000018d64000 0000000000000000
0x00000000197ef130:   0000000000000000 0000000000000000
0x00000000197ef140:   003b79003b003b6e 00000000557d1a15
0x00000000197ef150:   00000000197ef1e8 00000000197ef1c0
0x00000000197ef160:   0000000000000001 0000000018e2d2c8
0x00000000197ef170:   003b79003b003b6e 00000000557b53b3
0x00000000197ef180:   00000000197ef2b0 0000000000000001
0x00000000197ef190:   0000000000000001 0000000018e2d2c8
0x00000000197ef1a0:   0000000000000009 0000000000000000
0x00000000197ef1b0:   0000000000000000 0000000000000000
0x00000000197ef1c0:   0000000000000001 00000000557b5571 

Instructions: (pc=0x0000000055ab8d85)
0x0000000055ab8d65:   cc cc cc cc cc cc cc cc cc cc cc 48 83 ec 28 48
0x0000000055ab8d75:   85 c9 75 07 33 c0 48 83 c4 28 c3 48 89 5c 24 20
0x0000000055ab8d85:   48 8b 19 48 85 db 74 20 48 83 fb 37 74 1a 48 8b
0x0000000055ab8d95:   13 48 8b cb ff 52 10 84 c0 74 0d 48 8b c3 48 8b 


Register to memory mapping:

RAX=0x00000000197ef101 is pointing into the stack for thread: 0x0000000018d64000
RBX=0x0000000018d64000 is a thread
RCX=0x003b79003b003b6e is an unknown value
RDX=0x0000000000000000 is an unknown value
RSP=0x00000000197ef0d0 is pointing into the stack for thread: 0x0000000018d64000
RBP=0x003b79003b003b6e is an unknown value
RSI=0x00000000197ef1e8 is pointing into the stack for thread: 0x0000000018d64000
RDI=0x00000000001ba600 is an unknown value
R8 =0x0000000018d64000 is a thread
R9 =0x000000000000ff00 is an unknown value
R10=0x0000000000000000 is an unknown value
R11=0x00000088ffff0000 is an unknown value
R12=0x0000000000000000 is an unknown value
R13=0x0000000018d69c48 is an unknown value
R14=0x0000000000000000 is an unknown value
R15=0x0000000000000000 is an unknown value


Stack: [0x00000000196f0000,0x00000000197f0000],  sp=0x00000000197ef0d0,  free space=1020k
Native frames: (J=compiled Java code, j=interpreted, Vv=VM code, C=native code)
V  [jvm.dll+0x128d85]
V  [jvm.dll+0x34ab9d]
C  [jdwp.dll+0x21a15]
C  [jdwp.dll+0x53b3]
C  [jdwp.dll+0x5571]
C  [jdwp.dll+0xf0a8]
C  [jdwp.dll+0x1f2d5]
C  [jdwp.dll+0x1f4aa]
V  [jvm.dll+0x1bba58]
V  [jvm.dll+0x243434]
V  [jvm.dll+0x29a27a]
C  [msvcr100.dll+0x21d9f]
C  [msvcr100.dll+0x21e3b]
C  [kernel32.dll+0x159bd]
C  [ntdll.dll+0x2a2e1]


---------------  P R O C E S S  ---------------

Java Threads: ( => current thread )
  0x0000000018e0b000 JavaThread "Service Thread" daemon [_thread_blocked, id=9768, stack(0x0000000019eb0000,0x0000000019fb0000)]
  0x0000000018d90800 JavaThread "C1 CompilerThread2" daemon [_thread_blocked, id=7384, stack(0x00000000194f0000,0x00000000195f0000)]
  0x0000000018d8b800 JavaThread "C2 CompilerThread1" daemon [_thread_blocked, id=6504, stack(0x0000000019d20000,0x0000000019e20000)]
  0x0000000018d87800 JavaThread "C2 CompilerThread0" daemon [_thread_blocked, id=10180, stack(0x0000000019b40000,0x0000000019c40000)]
  0x0000000018d6f000 JavaThread "JDWP Command Reader" daemon [_thread_in_native, id=7988, stack(0x00000000197f0000,0x00000000198f0000)]
  0x0000000018d6e000 JavaThread "JDWP Event Helper Thread" daemon [_thread_blocked, id=9196, stack(0x00000000198f0000,0x00000000199f0000)]
=>0x0000000018d64000 JavaThread "JDWP Transport Listener: dt_socket" daemon [_thread_in_vm, id=2068, stack(0x00000000196f0000,0x00000000197f0000)]
  0x000000001771a800 JavaThread "Attach Listener" daemon [_thread_blocked, id=9764, stack(0x0000000018c60000,0x0000000018d60000)]
  0x0000000017717800 JavaThread "Signal Dispatcher" daemon [_thread_blocked, id=5440, stack(0x0000000018b50000,0x0000000018c50000)]
  0x00000000176fa000 JavaThread "Finalizer" daemon [_thread_blocked, id=7884, stack(0x0000000018740000,0x0000000018840000)]
  0x00000000176b3000 JavaThread "Reference Handler" daemon [_thread_blocked, id=4940, stack(0x0000000018880000,0x0000000018980000)]
  0x00000000022f9800 JavaThread "main" [_thread_blocked, id=6164, stack(0x00000000025c0000,0x00000000026c0000)]

Other Threads:
  0x00000000176ab000 VMThread [stack: 0x0000000018630000,0x0000000018730000] [id=9320]
  0x0000000018e14800 WatcherThread [stack: 0x0000000019a30000,0x0000000019b30000] [id=9892]

VM state:not at safepoint (normal execution)

VM Mutex/Monitor currently owned by a thread: None

Heap:
 PSYoungGen      total 38400K, used 14116K [0x00000000d5f80000, 0x00000000d8a00000, 0x0000000100000000)
  eden space 33280K, 42% used [0x00000000d5f80000,0x00000000d6d49098,0x00000000d8000000)
  from space 5120K, 0% used [0x00000000d8500000,0x00000000d8500000,0x00000000d8a00000)
  to   space 5120K, 0% used [0x00000000d8000000,0x00000000d8000000,0x00000000d8500000)
 ParOldGen       total 87552K, used 0K [0x0000000081e00000, 0x0000000087380000, 0x00000000d5f80000)
  object space 87552K, 0% used [0x0000000081e00000,0x0000000081e00000,0x0000000087380000)
 Metaspace       used 7922K, capacity 8160K, committed 8320K, reserved 1056768K
  class space    used 941K, capacity 1027K, committed 1152K, reserved 1048576K

Card table byte_map: [0x0000000011d50000,0x0000000012150000] byte_map_base: 0x0000000011941000

Marking Bits: (ParMarkBitMap*) 0x00000000561a0600
 Begin Bits: [0x0000000012a10000, 0x0000000014998000)
 End Bits:   [0x0000000014998000, 0x0000000016920000)

Polling page: 0x0000000000130000

CodeCache: size=245760Kb used=2719Kb max_used=2723Kb free=243040Kb
 bounds [0x0000000002990000, 0x0000000002c40000, 0x0000000011990000]
 total_blobs=996 nmethods=695 adapters=222
 compilation: enabled

Compilation events (10 events):
Event: 6.047 Thread 0x0000000018d87800  691  s    4       java.lang.StringBuffer::append (13 bytes)
Event: 6.047 Thread 0x0000000018d90800  692       3       java.util.HashMap$HashIterator::hasNext (13 bytes)
Event: 6.047 Thread 0x0000000018d90800 nmethod 692 0x0000000002c35890 code [0x0000000002c359e0, 0x0000000002c35b90]
Event: 6.050 Thread 0x0000000018d87800 nmethod 691 0x0000000002c38e10 code [0x0000000002c38f60, 0x0000000002c39558]
Event: 9.218 Thread 0x0000000018d90800  693       3       java.lang.String::toString (2 bytes)
Event: 9.218 Thread 0x0000000018d90800 nmethod 693 0x0000000002c38b10 code [0x0000000002c38c60, 0x0000000002c38db0]
Event: 9.218 Thread 0x0000000018d87800  694       4       sun.nio.cs.SingleByte$Encoder::encode (32 bytes)
Event: 9.219 Thread 0x0000000018d87800 nmethod 694 0x0000000002c398d0 code [0x0000000002c39a20, 0x0000000002c39b98]
Event: 12.297 Thread 0x0000000018d90800  695       3       java.util.HashMap::resize (359 bytes)
Event: 12.298 Thread 0x0000000018d90800 nmethod 695 0x0000000002c36dd0 code [0x0000000002c37020, 0x0000000002c382c8]

GC Heap History (0 events):
No events

Deoptimization events (2 events):
Event: 5.726 Thread 0x00000000022f9800 Uncommon trap: reason=unstable_if action=reinterpret pc=0x0000000002ae1f08 method=java.lang.String.startsWith(Ljava/lang/String;I)Z @ 25
Event: 5.827 Thread 0x00000000022f9800 Uncommon trap: reason=unstable_if action=reinterpret pc=0x0000000002b2c3d4 method=java.lang.CharacterDataLatin1.digit(II)I @ 82

Internal exceptions (9 events):
Event: 0.053 Thread 0x00000000022f9800 Exception <a 'java/lang/NoSuchMethodError': Method sun.misc.Unsafe.defineClass(Ljava/lang/String;[BII)Ljava/lang/Class; name or signature does not match> (0x00000000d5f87cc0) thrown at [C:\re\workspace\8-2-build-windows-amd64-cygwin\jdk8u74\6087\hotspot\sr]‘'Áþèª?
Event: 0.053 Thread 0x00000000022f9800 Exception <a 'java/lang/NoSuchMethodError': Method sun.misc.Unsafe.prefetchRead(Ljava/lang/Object;J)V name or signature does not match> (0x00000000d5f87fa8) thrown at [C:\re\workspace\8-2-build-windows-amd64-cygwin\jdk8u74\6087\hotspot\src\share\vm\prims\jw×ÐàN¢@
Event: 5.659 Thread 0x00000000022f9800 Exception <a 'java/security/PrivilegedActionException'> (0x00000000d6233b60) thrown at [C:\re\workspace\8-2-build-windows-amd64-cygwin\jdk8u74\6087\hotspot\src\share\vm\prims\jvm.cpp, line 1386]
Event: 5.659 Thread 0x00000000022f9800 Exception <a 'java/security/PrivilegedActionException'> (0x00000000d6233d70) thrown at [C:\re\workspace\8-2-build-windows-amd64-cygwin\jdk8u74\6087\hotspot\src\share\vm\prims\jvm.cpp, line 1386]
Event: 5.659 Thread 0x00000000022f9800 Exception <a 'java/security/PrivilegedActionException'> (0x00000000d6237918) thrown at [C:\re\workspace\8-2-build-windows-amd64-cygwin\jdk8u74\6087\hotspot\src\share\vm\prims\jvm.cpp, line 1386]
Event: 5.659 Thread 0x00000000022f9800 Exception <a 'java/security/PrivilegedActionException'> (0x00000000d6237b28) thrown at [C:\re\workspace\8-2-build-windows-amd64-cygwin\jdk8u74\6087\hotspot\src\share\vm\prims\jvm.cpp, line 1386]
Event: 5.664 Thread 0x00000000022f9800 Exception <a 'java/lang/NoClassDefFoundError': org/apache/log4j/Priority> (0x00000000d6262640) thrown at [C:\re\workspace\8-2-build-windows-amd64-cygwin\jdk8u74\6087\hotspot\src\share\vm\classfile\systemDictionary.cpp, line 199]
Event: 5.813 Thread 0x00000000022f9800 Exception <a 'java/lang/NoSuchFieldError': method resolution failed> (0x00000000d68aaca8) thrown at [C:\re\workspace\8-2-build-windows-amd64-cygwin\jdk8u74\6087\hotspot\src\share\vm\prims\methodHandles.cpp, line 1146]
Event: 5.816 Thread 0x00000000022f9800 Exception <a 'java/lang/NoSuchFieldError': method resolution failed> (0x00000000d68b8368) thrown at [C:\re\workspace\8-2-build-windows-amd64-cygwin\jdk8u74\6087\hotspot\src\share\vm\prims\methodHandles.cpp, line 1146]

Events (10 events):
Event: 281.717 Executing VM operation: ChangeBreakpoints
Event: 281.717 Executing VM operation: ChangeBreakpoints done
Event: 281.720 Executing VM operation: ChangeBreakpoints
Event: 281.720 Executing VM operation: ChangeBreakpoints done
Event: 281.723 Executing VM operation: ChangeBreakpoints
Event: 281.724 Executing VM operation: ChangeBreakpoints done
Event: 1131.603 Executing VM operation: ChangeBreakpoints
Event: 1131.604 Executing VM operation: ChangeBreakpoints done
Event: 1131.647 Executing VM operation: RedefineClasses
Event: 1131.650 Executing VM operation: RedefineClasses done


Dynamic libraries:
0x000000013fa70000 - 0x000000013faa7000 	C:\Program Files\Java\jre1.8.0_74\bin\javaw.exe
0x0000000076e60000 - 0x000000007700a000 	C:\Windows\SYSTEM32\ntdll.dll
0x0000000076c40000 - 0x0000000076d5f000 	C:\Windows\system32\kernel32.dll
0x000007fefd100000 - 0x000007fefd16a000 	C:\Windows\system32\KERNELBASE.dll
0x000007fefda10000 - 0x000007fefdaeb000 	C:\Windows\system32\ADVAPI32.dll
0x000007fefd970000 - 0x000007fefda0f000 	C:\Windows\system32\msvcrt.dll
0x000007fefd300000 - 0x000007fefd31f000 	C:\Windows\SYSTEM32\sechost.dll
0x000007fefd320000 - 0x000007fefd44d000 	C:\Windows\system32\RPCRT4.dll
0x0000000076d60000 - 0x0000000076e5a000 	C:\Windows\system32\USER32.dll
0x000007fefd860000 - 0x000007fefd8c7000 	C:\Windows\system32\GDI32.dll
0x000007fefd4d0000 - 0x000007fefd4de000 	C:\Windows\system32\LPK.dll
0x000007fefebb0000 - 0x000007fefec7a000 	C:\Windows\system32\USP10.dll
0x000007fefb2d0000 - 0x000007fefb4c4000 	C:\Windows\WinSxS\amd64_microsoft.windows.common-controls_6595b64144ccf1df_6.0.7601.18837_none_fa3b1e3d17594757\COMCTL32.dll
0x000007fefd450000 - 0x000007fefd4c1000 	C:\Windows\system32\SHLWAPI.dll
0x000007fefc930000 - 0x000007fefc987000 	C:\Windows\system32\apphelp.dll
0x00000000557f0000 - 0x000000005581a000 	C:\Windows\AppPatch\AppPatch64\EMET64.dll
0x000007fefb9b0000 - 0x000007fefb9c1000 	C:\Windows\system32\WTSAPI32.dll
0x000007fefd5c0000 - 0x000007fefd5ee000 	C:\Windows\system32\IMM32.DLL
0x000007fefd1f0000 - 0x000007fefd2f9000 	C:\Windows\system32\MSCTF.dll
0x0000000078990000 - 0x0000000078a62000 	C:\Program Files\Java\jre1.8.0_74\bin\msvcr100.dll
0x0000000055990000 - 0x0000000056220000 	C:\Program Files\Java\jre1.8.0_74\bin\server\jvm.dll
0x000007fefcaf0000 - 0x000007fefcaf9000 	C:\Windows\system32\WSOCK32.dll
0x000007feff120000 - 0x000007feff16d000 	C:\Windows\system32\WS2_32.dll
0x000007fefeb00000 - 0x000007fefeb08000 	C:\Windows\system32\NSI.dll
0x000007fefa120000 - 0x000007fefa15b000 	C:\Windows\system32\WINMM.dll
0x000007fefbd70000 - 0x000007fefbd7c000 	C:\Windows\system32\VERSION.dll
0x0000000077030000 - 0x0000000077037000 	C:\Windows\system32\PSAPI.DLL
0x000000005f5f0000 - 0x000000005f5ff000 	C:\Program Files\Java\jre1.8.0_74\bin\verify.dll
0x0000000058380000 - 0x00000000583a9000 	C:\Program Files\Java\jre1.8.0_74\bin\java.dll
0x00000000557b0000 - 0x00000000557e5000 	C:\Program Files\Java\jre1.8.0_74\bin\jdwp.dll
0x000000006e810000 - 0x000000006e818000 	C:\Program Files\Java\jre1.8.0_74\bin\npt.dll
0x0000000055970000 - 0x0000000055986000 	C:\Program Files\Java\jre1.8.0_74\bin\zip.dll
0x000007fefdd70000 - 0x000007fefeafa000 	C:\Windows\system32\SHELL32.dll
0x000007fefd5f0000 - 0x000007fefd7f3000 	C:\Windows\system32\ole32.dll
0x000007fefcc30000 - 0x000007fefcc3f000 	C:\Windows\system32\profapi.dll
0x000000006e800000 - 0x000000006e809000 	C:\Program Files\Java\jre1.8.0_74\bin\dt_socket.dll
0x000007fefa3f0000 - 0x000007fefa405000 	C:\Windows\system32\NLAapi.dll
0x000007fef97f0000 - 0x000007fef9805000 	C:\Windows\system32\napinsp.dll
0x000007fef9810000 - 0x000007fef9829000 	C:\Windows\system32\pnrpnsp.dll
0x000007fefc300000 - 0x000007fefc355000 	C:\Windows\System32\mswsock.dll
0x000007fefc180000 - 0x000007fefc1db000 	C:\Windows\system32\DNSAPI.dll
0x000007fef97d0000 - 0x000007fef97db000 	C:\Windows\System32\winrnr.dll
0x000007fefcac0000 - 0x000007fefcae7000 	C:\Windows\system32\IPHLPAPI.DLL
0x000007fefcab0000 - 0x000007fefcabb000 	C:\Windows\system32\WINNSI.DLL
0x000007fef9f30000 - 0x000007fef9f83000 	C:\Windows\System32\fwpuclnt.dll
0x000007fef97e0000 - 0x000007fef97e8000 	C:\Windows\system32\rasadhlp.dll
0x000007fefb880000 - 0x000007fefb887000 	C:\Windows\System32\wshtcpip.dll
0x0000000055900000 - 0x0000000055924000 	C:\Program Files\Java\jre1.8.0_74\bin\sunec.dll
0x000007fefc360000 - 0x000007fefc377000 	C:\Windows\system32\CRYPTSP.dll
0x000007fefc090000 - 0x000007fefc0d7000 	C:\Windows\system32\rsaenh.dll
0x000007fefcc40000 - 0x000007fefcc5e000 	C:\Windows\system32\USERENV.dll
0x000007fefc990000 - 0x000007fefc99f000 	C:\Windows\system32\CRYPTBASE.dll
0x0000000055950000 - 0x000000005596a000 	C:\Program Files\Java\jre1.8.0_74\bin\net.dll
0x000007fefc2f0000 - 0x000007fefc2f7000 	C:\Windows\System32\wship6.dll
0x000007fef9e80000 - 0x000007fef9e91000 	C:\Windows\system32\dhcpcsvc6.DLL
0x000007fef9f00000 - 0x000007fef9f18000 	C:\Windows\system32\dhcpcsvc.DLL
0x0000000055930000 - 0x0000000055941000 	C:\Program Files\Java\jre1.8.0_74\bin\nio.dll
0x000007fefcb00000 - 0x000007fefcc25000 	C:\Windows\system32\dbghelp.dll

VM Arguments:
jvm_args: -agentlib:jdwp=transport=dt_socket,suspend=y,address=localhost:59663 -Dfile.encoding=Cp1252 
java_command: com.java.file.MyClass
java_class_path (initial): E:\LunaWorkspace\JAVAAPP\bin;E:\LunaWorkspace\JAVAAPP\lib\commons-logging-1.2.jar;E:\LunaWorkspace\JAVAAPP\lib\http-core-4.1.jar;E:\LunaWorkspace\JAVAAPP\lib\httpclient-4.2.jar;E:\LunaWorkspace\JAVAAPP\lib\httpcore-4.2.3.jar;E:\LunaWorkspace\JAVAAPP\lib\java-json.jar;E:\LunaWorkspace\JAVAAPP\lib\sun.misc.BASE64Decoder.jar
Launcher Type: SUN_STANDARD

Environment Variables:
JAVA_HOME=C:\Program Files\Java\jdk1.8.0_74
JRE_HOME=C:\Program Files\Java\jdk1.8.0_74\jre
CLASSPATH=C:\Program Files\Atlassian\JIRA\bin\bootstrap.jar;C:\Program Files\Atlassian\JIRA\bin\tomcat-juli.jar
PATH=C:/Program Files/Java/jre1.8.0_74/bin/server;C:/Program Files/Java/jre1.8.0_74/bin;C:/Program Files/Java/jre1.8.0_74/lib/amd64;C:\ProgramData\Oracle\Java\javapath;C:\Program Files (x86)\CA\SC\CAWIN\;C:\Program Files (x86)\Intel\iCLS Client\;C:\Program Files\Intel\iCLS Client\;C:\Windows\system32;C:\Windows;C:\Windows\System32\Wbem;C:\Windows\System32\WindowsPowerShell\v1.0\;C:\Program Files\Intel\Intel(R) Management Engine Components\DAL;C:\Program Files\Intel\Intel(R) Management Engine Components\IPT;C:\Program Files (x86)\Intel\Intel(R) Management Engine Components\DAL;C:\Program Files (x86)\Intel\Intel(R) Management Engine Components\IPT;C:\Program Files (x86)\CA\SC\Csam\SockAdapter\bin;C:\PROGRA~2\CA\SC\CAM\bin;C:\Program Files (x86)\CA\SC\CBB\;C:\Program Files (x86)\CA\DSM\bin;D:\apache-maven-3.2.5\bin;C:\Program Files\Java\jdk1.7.0_21\bin;C:\Program Files (x86)\Git\cmd;C:\Program Files\TortoiseGit\bin;C:\Program Files\TortoiseSVN\bin;D:\Sundar\Software\apache-maven-3.0.5\apache-maven-3.0.5\bin;C:\opscode\chefdk\bin;C:\HashiCorp\Vagrant\bin;C:\opscode\chef\bin;C:\opscode\chef\embedded\bin;C:\Program Files\cURL\bin;C:\Program Files\VisualSVN Server\bin;E:\prasenjit_devops\pallavi\Eclipse Luna;
USERNAME=PB00445346
OS=Windows_NT
PROCESSOR_IDENTIFIER=Intel64 Family 6 Model 58 Stepping 9, GenuineIntel



---------------  S Y S T E M  ---------------

OS: Windows 7 , 64 bit Build 7601 (6.1.7601.23418)

CPU:total 4 (4 cores per cpu, 1 threads per core) family 6 model 58 stepping 9, cmov, cx8, fxsr, mmx, sse, sse2, sse3, ssse3, sse4.1, sse4.2, popcnt, avx, aes, clmul, erms, tsc, tscinvbit, tscinv

Memory: 4k page, physical 8259628k(2227512k free), swap 16517396k(9489636k free)

vm_info: Java HotSpot(TM) 64-Bit Server VM (25.74-b02) for windows-amd64 JRE (1.8.0_74-b02), built on Jan 29 2016 17:42:36 by "java_re" with MS VC++ 10.0 (VS2010)

time: Tue Jul 19 15:29:49 2016
elapsed time: 1131 seconds (0d 0h 18m 51s)

